生成启动时间为 2015/8/8 17:15:41。
     1>项目“D:\code\c++\_DataStructure_C_Impl\广义表的头尾链表存储\广义表的头尾链表存储.vcxproj”在节点 2 上(build 个目标)。
     1>InitializeBuildStatus:
         正在对“Debug\广义表的头尾链表存储.unsuccessfulbuild”执行 Touch 任务。
       ClCompile:
         c:\Program Files\Microsoft Visual Studio 10.0\VC\bin\CL.exe /c /ZI /nologo /W3 /WX- /Od /Oy- /D WIN32 /D _DEBUG /D _CONSOLE /D _UNICODE /D UNICODE /Gm /EHsc /RTC1 /MDd /GS /fp:precise /Zc:wchar_t /Zc:forScope /Fo"Debug\\" /Fd"Debug\vc100.pdb" /Gd /TP /analyze- /errorReport:prompt GList.cpp
         GList.cpp
       ManifestResourceCompile:
         C:\Program Files\Microsoft SDKs\Windows\v7.0A\bin\rc.exe /nologo /fo"Debug\广义表的头尾链表存储.exe.embed.manifest.res" "Debug\广义表的头尾链表存储_manifest.rc" 
       Link:
         c:\Program Files\Microsoft Visual Studio 10.0\VC\bin\link.exe /ERRORREPORT:PROMPT /OUT:"D:\code\c++\_DataStructure_C_Impl\Debug\广义表的头尾链表存储.exe" /INCREMENTAL /NOLOGO kernel32.lib user32.lib gdi32.lib winspool.lib comdlg32.lib advapi32.lib shell32.lib ole32.lib oleaut32.lib uuid.lib odbc32.lib odbccp32.lib /MANIFEST /ManifestFile:"Debug\广义表的头尾链表存储.exe.intermediate.manifest" /MANIFESTUAC:"level='asInvoker' uiAccess='false'" /DEBUG /PDB:"D:\code\c++\_DataStructure_C_Impl\Debug\广义表的头尾链表存储.pdb" /SUBSYSTEM:CONSOLE /TLBID:1 /DYNAMICBASE /NXCOMPAT /IMPLIB:"D:\code\c++\_DataStructure_C_Impl\Debug\广义表的头尾链表存储.lib" /MACHINE:X86 "Debug\广义表的头尾链表存储.exe.embed.manifest.res"
         Debug\GList.obj
       Manifest:
         C:\Program Files\Microsoft SDKs\Windows\v7.0A\bin\mt.exe /nologo /verbose /out:"Debug\广义表的头尾链表存储.exe.embed.manifest" /manifest "Debug\广义表的头尾链表存储.exe.intermediate.manifest"
         C:\Program Files\Microsoft SDKs\Windows\v7.0A\bin\rc.exe /nologo /fo"Debug\广义表的头尾链表存储.exe.embed.manifest.res" "Debug\广义表的头尾链表存储_manifest.rc" 
       LinkEmbedManifest:
         c:\Program Files\Microsoft Visual Studio 10.0\VC\bin\link.exe /ERRORREPORT:PROMPT /OUT:"D:\code\c++\_DataStructure_C_Impl\Debug\广义表的头尾链表存储.exe" /INCREMENTAL /NOLOGO kernel32.lib user32.lib gdi32.lib winspool.lib comdlg32.lib advapi32.lib shell32.lib ole32.lib oleaut32.lib uuid.lib odbc32.lib odbccp32.lib /MANIFEST /ManifestFile:"Debug\广义表的头尾链表存储.exe.intermediate.manifest" /MANIFESTUAC:"level='asInvoker' uiAccess='false'" /DEBUG /PDB:"D:\code\c++\_DataStructure_C_Impl\Debug\广义表的头尾链表存储.pdb" /SUBSYSTEM:CONSOLE /TLBID:1 /DYNAMICBASE /NXCOMPAT /IMPLIB:"D:\code\c++\_DataStructure_C_Impl\Debug\广义表的头尾链表存储.lib" /MACHINE:X86 "Debug\广义表的头尾链表存储.exe.embed.manifest.res"
         Debug\GList.obj
         广义表的头尾链表存储.vcxproj -> D:\code\c++\_DataStructure_C_Impl\Debug\广义表的头尾链表存储.exe
       FinalizeBuildStatus:
         正在删除文件“Debug\广义表的头尾链表存储.unsuccessfulbuild”。
         正在对“Debug\广义表的头尾链表存储.lastbuildstate”执行 Touch 任务。
     1>已完成生成项目“D:\code\c++\_DataStructure_C_Impl\广义表的头尾链表存储\广义表的头尾链表存储.vcxproj”(build 个目标)的操作。

生成成功。

已用时间 00:00:05.54
