生成启动时间为 2015/8/6 2:29:57。
     1>项目“D:\code\c++\_DataStructure_C_Impl\链串\链串.vcxproj”在节点 2 上(build 个目标)。
     1>InitializeBuildStatus:
         正在创建“Debug\链串.unsuccessfulbuild”，因为已指定“AlwaysCreate”。
       ClCompile:
         c:\Program Files\Microsoft Visual Studio 10.0\VC\bin\CL.exe /c /ZI /nologo /W3 /WX- /Od /Oy- /D WIN32 /D _DEBUG /D _CONSOLE /D _UNICODE /D UNICODE /Gm /EHsc /RTC1 /MDd /GS /fp:precise /Zc:wchar_t /Zc:forScope /Fo"Debug\\" /Fd"Debug\vc100.pdb" /Gd /TP /analyze- /errorReport:prompt LinkString.cpp
         LinkString.cpp
     1>d:\code\c++\_datastructure_c_impl\链串\linkstring.cpp(214): warning C4101: “i”: 未引用的局部变量
     1>d:\code\c++\_datastructure_c_impl\链串\linkstring.cpp(215): warning C4101: “flag”: 未引用的局部变量
     1>d:\code\c++\_datastructure_c_impl\链串\linkstring.cpp(214): warning C4101: “j”: 未引用的局部变量
     1>d:\code\c++\_datastructure_c_impl\链串\linkstring.cpp(116): warning C4715: “StrCompare”: 不是所有的控件路径都返回值
       ManifestResourceCompile:
         所有输出均为最新。
       Link:
         c:\Program Files\Microsoft Visual Studio 10.0\VC\bin\link.exe /ERRORREPORT:PROMPT /OUT:"D:\code\c++\_DataStructure_C_Impl\Debug\链串.exe" /INCREMENTAL /NOLOGO kernel32.lib user32.lib gdi32.lib winspool.lib comdlg32.lib advapi32.lib shell32.lib ole32.lib oleaut32.lib uuid.lib odbc32.lib odbccp32.lib /MANIFEST /ManifestFile:"Debug\链串.exe.intermediate.manifest" /MANIFESTUAC:"level='asInvoker' uiAccess='false'" /DEBUG /PDB:"D:\code\c++\_DataStructure_C_Impl\Debug\链串.pdb" /SUBSYSTEM:CONSOLE /TLBID:1 /DYNAMICBASE /NXCOMPAT /IMPLIB:"D:\code\c++\_DataStructure_C_Impl\Debug\链串.lib" /MACHINE:X86 "Debug\链串.exe.embed.manifest.res"
         Debug\LinkString.obj
       Manifest:
         C:\Program Files\Microsoft SDKs\Windows\v7.0A\bin\mt.exe /nologo /verbose /out:"Debug\链串.exe.embed.manifest" /manifest "Debug\链串.exe.intermediate.manifest"
         所有输出均为最新。
       LinkEmbedManifest:
         所有输出均为最新。
         链串.vcxproj -> D:\code\c++\_DataStructure_C_Impl\Debug\链串.exe
       FinalizeBuildStatus:
         正在删除文件“Debug\链串.unsuccessfulbuild”。
         正在对“Debug\链串.lastbuildstate”执行 Touch 任务。
     1>已完成生成项目“D:\code\c++\_DataStructure_C_Impl\链串\链串.vcxproj”(build 个目标)的操作。

生成成功。

已用时间 00:00:00.79
