生成启动时间为 2015/8/13 22:06:05。
     1>项目“D:\code\c++\_DataStructure_C_Impl\SeqListBasedSort\SeqListBasedSort.vcxproj”在节点 2 上(build 个目标)。
     1>InitializeBuildStatus:
         正在创建“Debug\SeqListBasedSort.unsuccessfulbuild”，因为已指定“AlwaysCreate”。
       ClCompile:
         c:\Program Files\Microsoft Visual Studio 10.0\VC\bin\CL.exe /c /ZI /nologo /W3 /WX- /Od /Oy- /D WIN32 /D _DEBUG /D _CONSOLE /D _UNICODE /D UNICODE /Gm /EHsc /RTC1 /MDd /GS /fp:precise /Zc:wchar_t /Zc:forScope /Fo"Debug\\" /Fd"Debug\vc100.pdb" /Gd /TP /analyze- /errorReport:prompt sort.cpp
         sort.cpp
     1>d:\code\c++\_datastructure_c_impl\seqlistbasedsort\sort.cpp(273): warning C4101: “i”: 未引用的局部变量
       ManifestResourceCompile:
         所有输出均为最新。
       Link:
         c:\Program Files\Microsoft Visual Studio 10.0\VC\bin\link.exe /ERRORREPORT:PROMPT /OUT:"D:\code\c++\_DataStructure_C_Impl\Debug\SeqListBasedSort.exe" /INCREMENTAL /NOLOGO kernel32.lib user32.lib gdi32.lib winspool.lib comdlg32.lib advapi32.lib shell32.lib ole32.lib oleaut32.lib uuid.lib odbc32.lib odbccp32.lib /MANIFEST /ManifestFile:"Debug\SeqListBasedSort.exe.intermediate.manifest" /MANIFESTUAC:"level='asInvoker' uiAccess='false'" /DEBUG /PDB:"D:\code\c++\_DataStructure_C_Impl\Debug\SeqListBasedSort.pdb" /SUBSYSTEM:CONSOLE /TLBID:1 /DYNAMICBASE /NXCOMPAT /IMPLIB:"D:\code\c++\_DataStructure_C_Impl\Debug\SeqListBasedSort.lib" /MACHINE:X86 Debug\SeqListBasedSort.exe.embed.manifest.res
         Debug\sort.obj
       Manifest:
         C:\Program Files\Microsoft SDKs\Windows\v7.0A\bin\mt.exe /nologo /verbose /out:"Debug\SeqListBasedSort.exe.embed.manifest" /manifest Debug\SeqListBasedSort.exe.intermediate.manifest
         所有输出均为最新。
       LinkEmbedManifest:
         所有输出均为最新。
         SeqListBasedSort.vcxproj -> D:\code\c++\_DataStructure_C_Impl\Debug\SeqListBasedSort.exe
       FinalizeBuildStatus:
         正在删除文件“Debug\SeqListBasedSort.unsuccessfulbuild”。
         正在对“Debug\SeqListBasedSort.lastbuildstate”执行 Touch 任务。
     1>已完成生成项目“D:\code\c++\_DataStructure_C_Impl\SeqListBasedSort\SeqListBasedSort.vcxproj”(build 个目标)的操作。

生成成功。

已用时间 00:00:04.36
