生成启动时间为 2015/8/9 20:54:30。
     1>项目“D:\code\c++\_DataStructure_C_Impl\线索二叉树\线索二叉树.vcxproj”在节点 2 上(build 个目标)。
     1>InitializeBuildStatus:
         正在创建“Debug\线索二叉树.unsuccessfulbuild”，因为已指定“AlwaysCreate”。
       ClCompile:
         c:\Program Files\Microsoft Visual Studio 10.0\VC\bin\CL.exe /c /ZI /nologo /W3 /WX- /Od /Oy- /D WIN32 /D _DEBUG /D _CONSOLE /D _UNICODE /D UNICODE /Gm /EHsc /RTC1 /MDd /GS /fp:precise /Zc:wchar_t /Zc:forScope /Fo"Debug\\" /Fd"Debug\vc100.pdb" /Gd /TP /analyze- /errorReport:prompt BiThrTree.cpp
         BiThrTree.cpp
     1>d:\code\c++\_datastructure_c_impl\线索二叉树\bithrtree.cpp(200): warning C4005: “MaxSize”: 宏重定义
                 d:\code\c++\_datastructure_c_impl\线索二叉树\bithrtree.cpp(3) : 参见“MaxSize”的前一个定义
       ManifestResourceCompile:
         所有输出均为最新。
       Link:
         c:\Program Files\Microsoft Visual Studio 10.0\VC\bin\link.exe /ERRORREPORT:PROMPT /OUT:"D:\code\c++\_DataStructure_C_Impl\Debug\线索二叉树.exe" /INCREMENTAL /NOLOGO kernel32.lib user32.lib gdi32.lib winspool.lib comdlg32.lib advapi32.lib shell32.lib ole32.lib oleaut32.lib uuid.lib odbc32.lib odbccp32.lib /MANIFEST /ManifestFile:"Debug\线索二叉树.exe.intermediate.manifest" /MANIFESTUAC:"level='asInvoker' uiAccess='false'" /DEBUG /PDB:"D:\code\c++\_DataStructure_C_Impl\Debug\线索二叉树.pdb" /SUBSYSTEM:CONSOLE /TLBID:1 /DYNAMICBASE /NXCOMPAT /IMPLIB:"D:\code\c++\_DataStructure_C_Impl\Debug\线索二叉树.lib" /MACHINE:X86 "Debug\线索二叉树.exe.embed.manifest.res"
         Debug\BiThrTree.obj
       Manifest:
         C:\Program Files\Microsoft SDKs\Windows\v7.0A\bin\mt.exe /nologo /verbose /out:"Debug\线索二叉树.exe.embed.manifest" /manifest "Debug\线索二叉树.exe.intermediate.manifest"
         所有输出均为最新。
       LinkEmbedManifest:
         所有输出均为最新。
         线索二叉树.vcxproj -> D:\code\c++\_DataStructure_C_Impl\Debug\线索二叉树.exe
       FinalizeBuildStatus:
         正在删除文件“Debug\线索二叉树.unsuccessfulbuild”。
         正在对“Debug\线索二叉树.lastbuildstate”执行 Touch 任务。
     1>已完成生成项目“D:\code\c++\_DataStructure_C_Impl\线索二叉树\线索二叉树.vcxproj”(build 个目标)的操作。

生成成功。

已用时间 00:00:12.88
