生成启动时间为 2015/8/4 0:55:00。
     1>项目“D:\code\c++\_DataStructure_C_Impl\表达式的运算\表达式的运算.vcxproj”在节点 2 上(build 个目标)。
     1>InitializeBuildStatus:
         正在创建“Debug\表达式的运算.unsuccessfulbuild”，因为已指定“AlwaysCreate”。
       ClCompile:
         c:\Program Files\Microsoft Visual Studio 10.0\VC\bin\CL.exe /c /ZI /nologo /W3 /WX- /Od /Oy- /D WIN32 /D _DEBUG /D _CONSOLE /D _UNICODE /D UNICODE /Gm /EHsc /RTC1 /MDd /GS /fp:precise /Zc:wchar_t /Zc:forScope /Fo"Debug\\" /Fd"Debug\vc100.pdb" /Gd /TP /analyze- /errorReport:prompt Express.cpp
         Express.cpp
     1>d:\code\c++\_datastructure_c_impl\表达式的运算\express.cpp(148): warning C4244: “=”: 从“int”转换到“float”，可能丢失数据
     1>d:\code\c++\_datastructure_c_impl\表达式的运算\express.cpp(191): warning C4806: “!=”: 不安全操作: 从类型“bool”提升到类型“int”的值不能等于给定的常量
     1>d:\code\c++\_datastructure_c_impl\表达式的运算\express.cpp(207): warning C4996: 'gets': This function or variable may be unsafe. Consider using gets_s instead. To disable deprecation, use _CRT_SECURE_NO_WARNINGS. See online help for details.
                 c:\program files\microsoft visual studio 10.0\vc\include\stdio.h(277) : 参见“gets”的声明
     1>d:\code\c++\_datastructure_c_impl\表达式的运算\express.cpp(201): warning C4715: “ComputeExpress”: 不是所有的控件路径都返回值
       ManifestResourceCompile:
         所有输出均为最新。
       Link:
         c:\Program Files\Microsoft Visual Studio 10.0\VC\bin\link.exe /ERRORREPORT:PROMPT /OUT:"D:\code\c++\_DataStructure_C_Impl\Debug\表达式的运算.exe" /INCREMENTAL /NOLOGO kernel32.lib user32.lib gdi32.lib winspool.lib comdlg32.lib advapi32.lib shell32.lib ole32.lib oleaut32.lib uuid.lib odbc32.lib odbccp32.lib /MANIFEST /ManifestFile:"Debug\表达式的运算.exe.intermediate.manifest" /MANIFESTUAC:"level='asInvoker' uiAccess='false'" /DEBUG /PDB:"D:\code\c++\_DataStructure_C_Impl\Debug\表达式的运算.pdb" /SUBSYSTEM:CONSOLE /TLBID:1 /DYNAMICBASE /NXCOMPAT /IMPLIB:"D:\code\c++\_DataStructure_C_Impl\Debug\表达式的运算.lib" /MACHINE:X86 "Debug\表达式的运算.exe.embed.manifest.res"
         Debug\Express.obj
       Manifest:
         C:\Program Files\Microsoft SDKs\Windows\v7.0A\bin\mt.exe /nologo /verbose /out:"Debug\表达式的运算.exe.embed.manifest" /manifest "Debug\表达式的运算.exe.intermediate.manifest"
         所有输出均为最新。
       LinkEmbedManifest:
         所有输出均为最新。
         表达式的运算.vcxproj -> D:\code\c++\_DataStructure_C_Impl\Debug\表达式的运算.exe
       FinalizeBuildStatus:
         正在删除文件“Debug\表达式的运算.unsuccessfulbuild”。
         正在对“Debug\表达式的运算.lastbuildstate”执行 Touch 任务。
     1>已完成生成项目“D:\code\c++\_DataStructure_C_Impl\表达式的运算\表达式的运算.vcxproj”(build 个目标)的操作。

生成成功。

已用时间 00:00:02.35
