生成启动时间为 2015/8/6 20:34:51。
     1>项目“D:\code\c++\_DataStructure_C_Impl\串的模式匹配_KMP\串的模式匹配_KMP.vcxproj”在节点 2 上(build 个目标)。
     1>InitializeBuildStatus:
         正在创建“Debug\串的模式匹配_KMP.unsuccessfulbuild”，因为已指定“AlwaysCreate”。
       ClCompile:
         c:\Program Files\Microsoft Visual Studio 10.0\VC\bin\CL.exe /c /ZI /nologo /W3 /WX- /Od /Oy- /D WIN32 /D _DEBUG /D _CONSOLE /D _UNICODE /D UNICODE /Gm /EHsc /RTC1 /MDd /GS /fp:precise /Zc:wchar_t /Zc:forScope /Fo"Debug\\" /Fd"Debug\vc100.pdb" /Gd /TP /analyze- /errorReport:prompt KMP.cpp
         KMP.cpp
       ManifestResourceCompile:
         所有输出均为最新。
       Link:
         c:\Program Files\Microsoft Visual Studio 10.0\VC\bin\link.exe /ERRORREPORT:PROMPT /OUT:"D:\code\c++\_DataStructure_C_Impl\Debug\串的模式匹配_KMP.exe" /INCREMENTAL /NOLOGO kernel32.lib user32.lib gdi32.lib winspool.lib comdlg32.lib advapi32.lib shell32.lib ole32.lib oleaut32.lib uuid.lib odbc32.lib odbccp32.lib /MANIFEST /ManifestFile:"Debug\串的模式匹配_KMP.exe.intermediate.manifest" /MANIFESTUAC:"level='asInvoker' uiAccess='false'" /DEBUG /PDB:"D:\code\c++\_DataStructure_C_Impl\Debug\串的模式匹配_KMP.pdb" /SUBSYSTEM:CONSOLE /TLBID:1 /DYNAMICBASE /NXCOMPAT /IMPLIB:"D:\code\c++\_DataStructure_C_Impl\Debug\串的模式匹配_KMP.lib" /MACHINE:X86 "Debug\串的模式匹配_KMP.exe.embed.manifest.res"
         Debug\KMP.obj
       Manifest:
         C:\Program Files\Microsoft SDKs\Windows\v7.0A\bin\mt.exe /nologo /verbose /out:"Debug\串的模式匹配_KMP.exe.embed.manifest" /manifest "Debug\串的模式匹配_KMP.exe.intermediate.manifest"
         所有输出均为最新。
       LinkEmbedManifest:
         所有输出均为最新。
         串的模式匹配_KMP.vcxproj -> D:\code\c++\_DataStructure_C_Impl\Debug\串的模式匹配_KMP.exe
       FinalizeBuildStatus:
         正在删除文件“Debug\串的模式匹配_KMP.unsuccessfulbuild”。
         正在对“Debug\串的模式匹配_KMP.lastbuildstate”执行 Touch 任务。
     1>已完成生成项目“D:\code\c++\_DataStructure_C_Impl\串的模式匹配_KMP\串的模式匹配_KMP.vcxproj”(build 个目标)的操作。

生成成功。

已用时间 00:00:09.81
