生成启动时间为 2015/8/11 20:32:44。
     1>项目“D:\code\c++\_DataStructure_C_Impl\最短路径Dijkstra算法\最短路径Dijkstra算法.vcxproj”在节点 2 上(build 个目标)。
     1>InitializeBuildStatus:
         正在创建“Debug\最短路径Dijkstra算法.unsuccessfulbuild”，因为已指定“AlwaysCreate”。
       ClCompile:
         c:\Program Files\Microsoft Visual Studio 10.0\VC\bin\CL.exe /c /ZI /nologo /W3 /WX- /Od /Oy- /D WIN32 /D _DEBUG /D _CONSOLE /D _UNICODE /D UNICODE /Gm /EHsc /RTC1 /MDd /GS /fp:precise /Zc:wchar_t /Zc:forScope /Fo"Debug\\" /Fd"Debug\vc100.pdb" /Gd /TP /analyze- /errorReport:prompt Dijkstra.cpp
         Dijkstra.cpp
     1>d:\code\c++\_datastructure_c_impl\最短路径dijkstra算法\dijkstra.cpp(38): warning C4996: 'strcpy': This function or variable may be unsafe. Consider using strcpy_s instead. To disable deprecation, use _CRT_SECURE_NO_WARNINGS. See online help for details.
                 c:\program files\microsoft visual studio 10.0\vc\include\string.h(105) : 参见“strcpy”的声明
     1>d:\code\c++\_datastructure_c_impl\最短路径dijkstra算法\dijkstra.cpp(32): warning C4101: “w”: 未引用的局部变量
     1>d:\code\c++\_datastructure_c_impl\最短路径dijkstra算法\dijkstra.cpp(34): warning C4101: “v1”: 未引用的局部变量
     1>d:\code\c++\_datastructure_c_impl\最短路径dijkstra算法\dijkstra.cpp(33): warning C4101: “s”: 未引用的局部变量
     1>d:\code\c++\_datastructure_c_impl\最短路径dijkstra算法\dijkstra.cpp(34): warning C4101: “v2”: 未引用的局部变量
     1>d:\code\c++\_datastructure_c_impl\最短路径dijkstra算法\dijkstra.cpp(32): warning C4101: “len”: 未引用的局部变量
     1>d:\code\c++\_datastructure_c_impl\最短路径dijkstra算法\dijkstra.cpp(32): warning C4101: “InfoFlag”: 未引用的局部变量
     1>d:\code\c++\_datastructure_c_impl\最短路径dijkstra算法\dijkstra.cpp(107): warning C4101: “j”: 未引用的局部变量
       ManifestResourceCompile:
         所有输出均为最新。
       Link:
         c:\Program Files\Microsoft Visual Studio 10.0\VC\bin\link.exe /ERRORREPORT:PROMPT /OUT:"D:\code\c++\_DataStructure_C_Impl\Debug\最短路径Dijkstra算法.exe" /INCREMENTAL /NOLOGO kernel32.lib user32.lib gdi32.lib winspool.lib comdlg32.lib advapi32.lib shell32.lib ole32.lib oleaut32.lib uuid.lib odbc32.lib odbccp32.lib /MANIFEST /ManifestFile:"Debug\最短路径Dijkstra算法.exe.intermediate.manifest" /MANIFESTUAC:"level='asInvoker' uiAccess='false'" /DEBUG /PDB:"D:\code\c++\_DataStructure_C_Impl\Debug\最短路径Dijkstra算法.pdb" /SUBSYSTEM:CONSOLE /TLBID:1 /DYNAMICBASE /NXCOMPAT /IMPLIB:"D:\code\c++\_DataStructure_C_Impl\Debug\最短路径Dijkstra算法.lib" /MACHINE:X86 "Debug\最短路径Dijkstra算法.exe.embed.manifest.res"
         Debug\Dijkstra.obj
       Manifest:
         C:\Program Files\Microsoft SDKs\Windows\v7.0A\bin\mt.exe /nologo /verbose /out:"Debug\最短路径Dijkstra算法.exe.embed.manifest" /manifest "Debug\最短路径Dijkstra算法.exe.intermediate.manifest"
         所有输出均为最新。
       LinkEmbedManifest:
         所有输出均为最新。
         最短路径Dijkstra算法.vcxproj -> D:\code\c++\_DataStructure_C_Impl\Debug\最短路径Dijkstra算法.exe
       FinalizeBuildStatus:
         正在删除文件“Debug\最短路径Dijkstra算法.unsuccessfulbuild”。
         正在对“Debug\最短路径Dijkstra算法.lastbuildstate”执行 Touch 任务。
     1>已完成生成项目“D:\code\c++\_DataStructure_C_Impl\最短路径Dijkstra算法\最短路径Dijkstra算法.vcxproj”(build 个目标)的操作。

生成成功。

已用时间 00:00:00.75
