生成启动时间为 2015/8/3 20:31:07。
     1>项目“D:\code\c++\_DataStructure_C_Impl\共享栈\共享栈.vcxproj”在节点 2 上(build 个目标)。
     1>InitializeBuildStatus:
         正在对“Debug\共享栈.unsuccessfulbuild”执行 Touch 任务。
       ClCompile:
         c:\Program Files\Microsoft Visual Studio 10.0\VC\bin\CL.exe /c /ZI /nologo /W3 /WX- /Od /Oy- /D WIN32 /D _DEBUG /D _CONSOLE /D _UNICODE /D UNICODE /Gm /EHsc /RTC1 /MDd /GS /fp:precise /Zc:wchar_t /Zc:forScope /Fo"Debug\\" /Fd"Debug\vc100.pdb" /Gd /TP /analyze- /errorReport:prompt SSeqStack.cpp
         SSeqStack.cpp
       ManifestResourceCompile:
         C:\Program Files\Microsoft SDKs\Windows\v7.0A\bin\rc.exe /nologo /fo"Debug\共享栈.exe.embed.manifest.res" "Debug\共享栈_manifest.rc" 
       Link:
         c:\Program Files\Microsoft Visual Studio 10.0\VC\bin\link.exe /ERRORREPORT:PROMPT /OUT:"D:\code\c++\_DataStructure_C_Impl\Debug\共享栈.exe" /INCREMENTAL /NOLOGO kernel32.lib user32.lib gdi32.lib winspool.lib comdlg32.lib advapi32.lib shell32.lib ole32.lib oleaut32.lib uuid.lib odbc32.lib odbccp32.lib /MANIFEST /ManifestFile:"Debug\共享栈.exe.intermediate.manifest" /MANIFESTUAC:"level='asInvoker' uiAccess='false'" /DEBUG /PDB:"D:\code\c++\_DataStructure_C_Impl\Debug\共享栈.pdb" /SUBSYSTEM:CONSOLE /TLBID:1 /DYNAMICBASE /NXCOMPAT /IMPLIB:"D:\code\c++\_DataStructure_C_Impl\Debug\共享栈.lib" /MACHINE:X86 "Debug\共享栈.exe.embed.manifest.res"
         Debug\SSeqStack.obj
       Manifest:
         C:\Program Files\Microsoft SDKs\Windows\v7.0A\bin\mt.exe /nologo /verbose /out:"Debug\共享栈.exe.embed.manifest" /manifest "Debug\共享栈.exe.intermediate.manifest"
         C:\Program Files\Microsoft SDKs\Windows\v7.0A\bin\rc.exe /nologo /fo"Debug\共享栈.exe.embed.manifest.res" "Debug\共享栈_manifest.rc" 
       LinkEmbedManifest:
         c:\Program Files\Microsoft Visual Studio 10.0\VC\bin\link.exe /ERRORREPORT:PROMPT /OUT:"D:\code\c++\_DataStructure_C_Impl\Debug\共享栈.exe" /INCREMENTAL /NOLOGO kernel32.lib user32.lib gdi32.lib winspool.lib comdlg32.lib advapi32.lib shell32.lib ole32.lib oleaut32.lib uuid.lib odbc32.lib odbccp32.lib /MANIFEST /ManifestFile:"Debug\共享栈.exe.intermediate.manifest" /MANIFESTUAC:"level='asInvoker' uiAccess='false'" /DEBUG /PDB:"D:\code\c++\_DataStructure_C_Impl\Debug\共享栈.pdb" /SUBSYSTEM:CONSOLE /TLBID:1 /DYNAMICBASE /NXCOMPAT /IMPLIB:"D:\code\c++\_DataStructure_C_Impl\Debug\共享栈.lib" /MACHINE:X86 "Debug\共享栈.exe.embed.manifest.res"
         Debug\SSeqStack.obj
         共享栈.vcxproj -> D:\code\c++\_DataStructure_C_Impl\Debug\共享栈.exe
       FinalizeBuildStatus:
         正在删除文件“Debug\共享栈.unsuccessfulbuild”。
         正在对“Debug\共享栈.lastbuildstate”执行 Touch 任务。
     1>已完成生成项目“D:\code\c++\_DataStructure_C_Impl\共享栈\共享栈.vcxproj”(build 个目标)的操作。

生成成功。

已用时间 00:00:03.69
