生成启动时间为 2015/8/14 0:10:54。
     1>项目“D:\code\c++\_DataStructure_C_Impl\基数排序\基数排序.vcxproj”在节点 2 上(build 个目标)。
     1>InitializeBuildStatus:
         正在创建“Debug\基数排序.unsuccessfulbuild”，因为已指定“AlwaysCreate”。
       ClCompile:
         c:\Program Files\Microsoft Visual Studio 10.0\VC\bin\CL.exe /c /ZI /nologo /W3 /WX- /Od /Oy- /D WIN32 /D _DEBUG /D _CONSOLE /D _UNICODE /D UNICODE /Gm /EHsc /RTC1 /MDd /GS /fp:precise /Zc:wchar_t /Zc:forScope /Fo"Debug\\" /Fd"Debug\vc100.pdb" /Gd /TP /analyze- /errorReport:prompt RadixSort.cpp
         RadixSort.cpp
     1>d:\code\c++\_datastructure_c_impl\基数排序\radixsort.cpp(48): warning C4996: 'itoa': The POSIX name for this item is deprecated. Instead, use the ISO C++ conformant name: _itoa. See online help for details.
                 c:\program files\microsoft visual studio 10.0\vc\include\stdlib.h(867) : 参见“itoa”的声明
     1>d:\code\c++\_datastructure_c_impl\基数排序\radixsort.cpp(51): warning C4996: 'strcpy': This function or variable may be unsafe. Consider using strcpy_s instead. To disable deprecation, use _CRT_SECURE_NO_WARNINGS. See online help for details.
                 c:\program files\microsoft visual studio 10.0\vc\include\string.h(105) : 参见“strcpy”的声明
     1>d:\code\c++\_datastructure_c_impl\基数排序\radixsort.cpp(52): warning C4996: 'strcat': This function or variable may be unsafe. Consider using strcat_s instead. To disable deprecation, use _CRT_SECURE_NO_WARNINGS. See online help for details.
                 c:\program files\microsoft visual studio 10.0\vc\include\string.h(110) : 参见“strcat”的声明
     1>d:\code\c++\_datastructure_c_impl\基数排序\radixsort.cpp(53): warning C4996: 'strcpy': This function or variable may be unsafe. Consider using strcpy_s instead. To disable deprecation, use _CRT_SECURE_NO_WARNINGS. See online help for details.
                 c:\program files\microsoft visual studio 10.0\vc\include\string.h(105) : 参见“strcpy”的声明
       ManifestResourceCompile:
         所有输出均为最新。
       Link:
         c:\Program Files\Microsoft Visual Studio 10.0\VC\bin\link.exe /ERRORREPORT:PROMPT /OUT:"D:\code\c++\_DataStructure_C_Impl\Debug\基数排序.exe" /INCREMENTAL /NOLOGO kernel32.lib user32.lib gdi32.lib winspool.lib comdlg32.lib advapi32.lib shell32.lib ole32.lib oleaut32.lib uuid.lib odbc32.lib odbccp32.lib /MANIFEST /ManifestFile:"Debug\基数排序.exe.intermediate.manifest" /MANIFESTUAC:"level='asInvoker' uiAccess='false'" /DEBUG /PDB:"D:\code\c++\_DataStructure_C_Impl\Debug\基数排序.pdb" /SUBSYSTEM:CONSOLE /TLBID:1 /DYNAMICBASE /NXCOMPAT /IMPLIB:"D:\code\c++\_DataStructure_C_Impl\Debug\基数排序.lib" /MACHINE:X86 "Debug\基数排序.exe.embed.manifest.res"
         Debug\RadixSort.obj
       Manifest:
         C:\Program Files\Microsoft SDKs\Windows\v7.0A\bin\mt.exe /nologo /verbose /out:"Debug\基数排序.exe.embed.manifest" /manifest "Debug\基数排序.exe.intermediate.manifest"
         所有输出均为最新。
       LinkEmbedManifest:
         所有输出均为最新。
         基数排序.vcxproj -> D:\code\c++\_DataStructure_C_Impl\Debug\基数排序.exe
       FinalizeBuildStatus:
         正在删除文件“Debug\基数排序.unsuccessfulbuild”。
         正在对“Debug\基数排序.lastbuildstate”执行 Touch 任务。
     1>已完成生成项目“D:\code\c++\_DataStructure_C_Impl\基数排序\基数排序.vcxproj”(build 个目标)的操作。

生成成功。

已用时间 00:00:01.16
